<?xml version="1.0" encoding="UTF-8"?>
<testsuite name="JUnit Vintage" tests="0" skipped="0" failures="0" errors="0" time="0" hostname="DESKTOP-S8TS171" timestamp="2018-02-26T15:28:47">
<properties>
<property name="awt.toolkit" value="sun.awt.windows.WToolkit"/>
<property name="file.encoding" value="windows-1252"/>
<property name="file.encoding.pkg" value="sun.io"/>
<property name="file.separator" value="\"/>
<property name="java.awt.graphicsenv" value="sun.awt.Win32GraphicsEnvironment"/>
<property name="java.awt.printerjob" value="sun.awt.windows.WPrinterJob"/>
<property name="java.class.path" value="C:\Users\rahi\Desktop\java_test\build\classes\java\test;C:\Users\rahi\Desktop\java_test\build\resources\test;C:\Users\rahi\Desktop\java_test\build\classes\java\main;C:\Users\rahi\Desktop\java_test\build\resources\main;C:\Users\rahi\.gradle\caches\modules-2\files-2.1\org.junit.jupiter\junit-jupiter-engine\5.0.3\52fcc461185c48178608f687e962de6484dfb69e\junit-jupiter-engine-5.0.3.jar;C:\Users\rahi\.gradle\caches\modules-2\files-2.1\org.junit.jupiter\junit-jupiter-api\5.0.3\43872be66bab0172073ac698062419755e563353\junit-jupiter-api-5.0.3.jar;C:\Users\rahi\.gradle\caches\modules-2\files-2.1\org.junit.vintage\junit-vintage-engine\4.12.3\986a7f431e8e561a53f5537620113b694283b419\junit-vintage-engine-4.12.3.jar;C:\Users\rahi\.gradle\caches\modules-2\files-2.1\junit\junit\4.12\2973d150c0dc1fefe998f834810d68f278ea58ec\junit-4.12.jar;C:\Users\rahi\.gradle\caches\modules-2\files-2.1\org.apache.logging.log4j\log4j-core\2.9.0\52f6548ae1688e126c29b5dc400929dc0128615\log4j-core-2.9.0.jar;C:\Users\rahi\.gradle\caches\modules-2\files-2.1\org.apache.logging.log4j\log4j-jul\2.9.0\42fcf24286676172f2cf4665a6bdf23e1fbf6bae\log4j-jul-2.9.0.jar;C:\Users\rahi\.gradle\caches\modules-2\files-2.1\org.junit.platform\junit-platform-launcher\1.0.3\91d799c70c3a597631883b77117046e09d6a4419\junit-platform-launcher-1.0.3.jar;C:\Users\rahi\.gradle\caches\modules-2\files-2.1\org.junit.platform\junit-platform-engine\1.0.3\7028a17adabd876b6d7530e43523a7f4fd109e18\junit-platform-engine-1.0.3.jar;C:\Users\rahi\.gradle\caches\modules-2\files-2.1\org.junit.platform\junit-platform-commons\1.0.3\3663f3ddfe47df2a7bf363d5c0196f0c7a09820f\junit-platform-commons-1.0.3.jar;C:\Users\rahi\.gradle\caches\modules-2\files-2.1\org.apiguardian\apiguardian-api\1.0.0\3ef5276905e36f4d8055fe3cb0bdcc7503ffc85d\apiguardian-api-1.0.0.jar;C:\Users\rahi\.gradle\caches\modules-2\files-2.1\org.opentest4j\opentest4j\1.0.0\6f09c598e9ff64bf0ce2fa7e7de49a99ba83c0b4\opentest4j-1.0.0.jar;C:\Users\rahi\.gradle\caches\modules-2\files-2.1\org.hamcrest\hamcrest-core\1.3\42a25dc3219429f0e5d060061f71acb49bf010a0\hamcrest-core-1.3.jar;C:\Users\rahi\.gradle\caches\modules-2\files-2.1\org.apache.logging.log4j\log4j-api\2.9.0\e0dcd508dfc4864a2f5a1963d6ffad170d970375\log4j-api-2.9.0.jar;C:\Users\rahi\.gradle\caches\modules-2\files-2.1\org.junit.platform\junit-platform-console\1.0.3\39e2d8697f3244a16f9fafd58ad871918cb5a722\junit-platform-console-1.0.3.jar"/>
<property name="java.class.version" value="52.0"/>
<property name="java.endorsed.dirs" value="C:\Program Files\Java\jdk1.8.0_144\jre\lib\endorsed"/>
<property name="java.ext.dirs" value="C:\Program Files\Java\jdk1.8.0_144\jre\lib\ext;C:\WINDOWS\Sun\Java\lib\ext"/>
<property name="java.home" value="C:\Program Files\Java\jdk1.8.0_144\jre"/>
<property name="java.io.tmpdir" value="C:\Users\rahi\AppData\Local\Temp\"/>
<property name="java.library.path" value="C:\Program Files\Java\jdk1.8.0_144\bin;C:\WINDOWS\Sun\Java\bin;C:\WINDOWS\system32;C:\WINDOWS;C:\Program Files\Docker\Docker\Resources\bin;C:\ProgramData\Oracle\Java\javapath;C:\WINDOWS\system32;C:\WINDOWS;C:\WINDOWS\System32\Wbem;C:\WINDOWS\System32\WindowsPowerShell\v1.0\;C:\Program Files (x86)\NVIDIA Corporation\PhysX\Common;C:\Program Files\dotnet\;C:\Program Files\Microsoft SQL Server\130\Tools\Binn\;C:\Program Files\Microsoft\Web Platform Installer\;C:\Program Files\Microsoft Service Fabric\bin\Fabric\Fabric.Code;C:\Program Files\Microsoft SDKs\Service Fabric\Tools\ServiceFabricLocalClusterManager;C:\Gradle\gradle-4.5.1\bin;C:\Program Files\Java\jdk1.8.0_144\bin;C:\Users\rahi\AppData\Local\Programs\Git\cmd;."/>
<property name="java.runtime.name" value="Java(TM) SE Runtime Environment"/>
<property name="java.runtime.version" value="1.8.0_144-b01"/>
<property name="java.specification.name" value="Java Platform API Specification"/>
<property name="java.specification.vendor" value="Oracle Corporation"/>
<property name="java.specification.version" value="1.8"/>
<property name="java.vendor" value="Oracle Corporation"/>
<property name="java.vendor.url" value="http://java.oracle.com/"/>
<property name="java.vendor.url.bug" value="http://bugreport.sun.com/bugreport/"/>
<property name="java.version" value="1.8.0_144"/>
<property name="java.vm.info" value="mixed mode"/>
<property name="java.vm.name" value="Java HotSpot(TM) 64-Bit Server VM"/>
<property name="java.vm.specification.name" value="Java Virtual Machine Specification"/>
<property name="java.vm.specification.vendor" value="Oracle Corporation"/>
<property name="java.vm.specification.version" value="1.8"/>
<property name="java.vm.vendor" value="Oracle Corporation"/>
<property name="java.vm.version" value="25.144-b01"/>
<property name="line.separator" value="
"/>
<property name="os.arch" value="amd64"/>
<property name="os.name" value="Windows 10"/>
<property name="os.version" value="10.0"/>
<property name="path.separator" value=";"/>
<property name="sun.arch.data.model" value="64"/>
<property name="sun.boot.class.path" value="C:\Program Files\Java\jdk1.8.0_144\jre\lib\resources.jar;C:\Program Files\Java\jdk1.8.0_144\jre\lib\rt.jar;C:\Program Files\Java\jdk1.8.0_144\jre\lib\sunrsasign.jar;C:\Program Files\Java\jdk1.8.0_144\jre\lib\jsse.jar;C:\Program Files\Java\jdk1.8.0_144\jre\lib\jce.jar;C:\Program Files\Java\jdk1.8.0_144\jre\lib\charsets.jar;C:\Program Files\Java\jdk1.8.0_144\jre\lib\jfr.jar;C:\Program Files\Java\jdk1.8.0_144\jre\classes"/>
<property name="sun.boot.library.path" value="C:\Program Files\Java\jdk1.8.0_144\jre\bin"/>
<property name="sun.cpu.endian" value="little"/>
<property name="sun.cpu.isalist" value="amd64"/>
<property name="sun.desktop" value="windows"/>
<property name="sun.io.unicode.encoding" value="UnicodeLittle"/>
<property name="sun.java.command" value="org.junit.platform.console.ConsoleLauncher --details NONE --scan-class-path C:\Users\rahi\Desktop\java_test\build\classes\java\main;C:\Users\rahi\Desktop\java_test\build\resources\main;C:\Users\rahi\Desktop\java_test\build\classes\java\test;C:\Users\rahi\Desktop\java_test\build\resources\test -n ^.*Tests?$ --reports-dir C:\Users\rahi\Desktop\java_test\build\test-results\junit-platform"/>
<property name="sun.java.launcher" value="SUN_STANDARD"/>
<property name="sun.jnu.encoding" value="Cp1252"/>
<property name="sun.management.compiler" value="HotSpot 64-Bit Tiered Compilers"/>
<property name="sun.os.patch.level" value=""/>
<property name="user.country" value="US"/>
<property name="user.dir" value="C:\Users\rahi\Desktop\java_test"/>
<property name="user.home" value="C:\Users\rahi"/>
<property name="user.language" value="en"/>
<property name="user.name" value="rahi"/>
<property name="user.script" value=""/>
<property name="user.timezone" value="America/Los_Angeles"/>
<property name="user.variant" value=""/>
</properties>
<system-out><![CDATA[
unique-id: [engine:junit-vintage]
display-name: JUnit Vintage
]]></system-out>
</testsuite>
